<?xml version="1.0" encoding="UTF-8"?>
<!-- Generated by org.testng.reporters.JUnitReportReporter -->
<testsuite hostname="DESKTOP-U03HLON" failures="0" tests="3" name="RestAssured.video_7" time="4.311" errors="0" timestamp="2024-06-10T16:54:47 IST" skipped="0">
  <testcase classname="RestAssured.video_7" name="PATCH" time="0.961"/>
  <testcase classname="RestAssured.video_7" name="PUT" time="0.902"/>
  <testcase classname="RestAssured.video_7" name="DELETE" time="2.448"/>
</testsuite> <!-- RestAssured.video_7 -->
