<?xml version="1.0" encoding="UTF-8"?>
<!-- Generated by org.testng.reporters.JUnitReportReporter -->
<testsuite hostname="DESKTOP-U03HLON" failures="0" tests="2" name="RestAssured.video_5" time="3.432" errors="0" timestamp="2024-06-08T18:06:36 IST" skipped="0">
  <testcase classname="RestAssured.video_5" name="Test2" time="3.090"/>
  <testcase classname="RestAssured.video_5" name="test1" time="0.342"/>
</testsuite> <!-- RestAssured.video_5 -->
