<?xml version="1.0" encoding="UTF-8"?>
<!-- Generated by org.testng.reporters.JUnitReportReporter -->
<testsuite hostname="DESKTOP-U03HLON" failures="0" tests="2" name="RestAssured.video_6" time="3.656" errors="0" timestamp="2024-06-08T19:14:07 IST" skipped="0">
  <testcase classname="RestAssured.video_6" name="Test3" time="2.973"/>
  <testcase classname="RestAssured.video_6" name="Test4" time="0.683"/>
</testsuite> <!-- RestAssured.video_6 -->
