<?xml version="1.0" encoding="UTF-8"?>
<!-- Generated by org.testng.reporters.JUnitReportReporter -->
<testsuite hostname="DESKTOP-U03HLON" failures="0" tests="1" name="RestAssured.video_4" time="2.073" errors="0" timestamp="2024-06-08T17:19:11 IST" skipped="0">
  <testcase classname="RestAssured.video_4" name="test1" time="2.073"/>
</testsuite> <!-- RestAssured.video_4 -->
